============================= test session starts =============================
platform win32 -- Python 3.13.1, pytest-9.0.3, pluggy-1.6.0 -- e:\Projects\vzametki\.venv\Scripts\python.exe
cachedir: .pytest_cache
rootdir: e:\Projects\vzametki
configfile: pytest.ini (WARNING: ignoring pytest config in pyproject.toml!)
plugins: anyio-4.13.0, asyncio-1.3.0, dotenv-0.5.2
asyncio: mode=Mode.AUTO, debug=False, asyncio_default_fixture_loop_scope=None, asyncio_default_test_loop_scope=function
collecting ... collected 25 items

tests/test_service.py::TestClassifyText::test_classify_text[\u0417\u0430\u0432\u0442\u0440\u0430 \u043d\u0443\u0436\u043d\u043e \u0441\u0434\u0435\u043b\u0430\u0442\u044c \u0434\u043e\u043a\u043b\u0430\u0434 \u043f\u043e \u0431\u0438\u043e\u043b\u043e\u0433\u0438\u0438-Note-None] PASSED [  4%]
tests/test_service.py::TestClassifyText::test_classify_text[\u041d\u0430\u0439\u0434\u0438 \u0447\u0442\u043e \u044f \u043f\u0438\u0441\u0430\u043b \u043f\u0440\u043e \u0442\u0440\u0435\u043d\u0438\u0440\u043e\u0432\u043a\u0438-Search-None] PASSED [  8%]
tests/test_service.py::TestClassifyText::test_classify_text[\u041f\u043e\u043a\u0430\u0436\u0438 \u0432\u0441\u0435 \u043c\u043e\u0438 \u0437\u0430\u043c\u0435\u0442\u043a\u0438-ListAll-None] PASSED [ 12%]
tests/test_service.py::TestClassifyText::test_classify_text[\u041e\u0442\u043a\u0440\u043e\u0439 \u0437\u0430\u043c\u0435\u0442\u043a\u0443 5-GetById-5] PASSED [ 16%]
tests/test_service.py::TestClassifyText::test_classify_text[\u041f\u0440\u0438\u0432\u0435\u0442-Trash-None] PASSED [ 20%]
tests/test_service.py::TestClassifyText::test_classify_text[\u043a\u0430\u043a \u0434\u0435\u043b\u0430-Trash-None] PASSED [ 24%]
tests/test_service.py::TestGenerateMetadata::test_generate_note_metadata[\u042d\u0442\u043e \u0442\u0435\u0441\u0442\u043e\u0432\u0430\u044f \u0437\u0430\u043c\u0435\u0442\u043a\u0430 \u0434\u043b\u044f \u043f\u0440\u043e\u0432\u0435\u0440\u043a\u0438 \u0433\u0435\u043d\u0435\u0440\u0430\u0446\u0438\u0438 \u043c\u0435\u0442\u0430\u0434\u0430\u043d\u043d\u044b\u0445.-\u0422\u0435\u0441\u0442\u043e\u0432\u044b\u0439 \u0437\u0430\u0433\u043e\u043b\u043e\u0432\u043e\u043a-\u0422\u0435\u0441\u0442\u043e\u0432\u043e\u0435 \u043a\u0440\u0430\u0442\u043a\u043e\u0435 \u0441\u043e\u0434\u0435\u0440\u0436\u0430\u043d\u0438\u0435.] PASSED [ 28%]
tests/test_service.py::TestGenerateMetadata::test_generate_note_metadata[\u0415\u0449\u0435 \u043e\u0434\u043d\u0430 \u0437\u0430\u043c\u0435\u0442\u043a\u0430 \u0441 \u0434\u0440\u0443\u0433\u0438\u043c \u0442\u0435\u043a\u0441\u0442\u043e\u043c \u0434\u043b\u044f \u043f\u0440\u043e\u0432\u0435\u0440\u043a\u0438.-\u0414\u0440\u0443\u0433\u043e\u0439 \u0442\u0435\u0441\u0442\u043e\u0432\u044b\u0439 \u0437\u0430\u0433\u043e\u043b\u043e\u0432\u043e\u043a-\u0414\u0440\u0443\u0433\u043e\u0435 \u0442\u0435\u0441\u0442\u043e\u0432\u043e\u0435 \u043a\u0440\u0430\u0442\u043a\u043e\u0435 \u0441\u043e\u0434\u0435\u0440\u0436\u0430\u043d\u0438\u0435.] PASSED [ 32%]
tests/test_service.py::TestCreateNote::test_success PASSED               [ 36%]
tests/test_service.py::TestCreateNote::test_db_error PASSED              [ 40%]
tests/test_service.py::TestSearchNotes::test_search_notes PASSED         [ 44%]
tests/test_service.py::TestSearchNotes::test_search_notes_no_results PASSED [ 48%]
tests/test_service.py::TestSearchNotes::test_search_notes_error PASSED   [ 52%]
tests/test_service.py::TestListAllNotes::test_list_all_notes PASSED      [ 56%]
tests/test_service.py::TestListAllNotes::test_list_all_notes_error PASSED [ 60%]
tests/test_service.py::TestGetNoteById::test_get_note_by_id PASSED       [ 64%]
tests/test_service.py::TestGetNoteById::test_get_note_by_id_not_found PASSED [ 68%]
tests/test_service.py::TestGetNoteById::test_get_note_by_id_error PASSED [ 72%]
tests/test_service.py::TestUpdateNote::test_update_note_success PASSED   [ 76%]
tests/test_service.py::TestUpdateNote::test_update_note_not_found PASSED [ 80%]
tests/test_service.py::TestDeleteNote::test_delete_note_success PASSED   [ 84%]
tests/test_service.py::TestDeleteNote::test_delete_note_not_found PASSED [ 88%]
tests/test_service.py::TestProcessText::test_process_text_created_note PASSED [ 92%]
tests/test_service.py::TestProcessText::test_process_text_search PASSED  [ 96%]
tests/test_service.py::TestProcessText::test_process_text_trash PASSED   [100%]

============================= 25 passed in 0.30s ==============================
